<?xml version="1.0" encoding="UTF-8"?>
<!-- Generated by org.testng.reporters.JUnitXMLReporter -->
<testsuite ignored="1" hostname="DESKTOP-I60LKPI" failures="0" tests="2" name="Test" time="0.091" errors="0" timestamp="2023-08-28T17:14:45 IST">
  <testcase classname="test_ng.Groups_Script" name="test1" time="0.012"/>
  <testcase classname="test_ng.Groups_Script" name="test2" time="0.004"/>
  <testcase classname="test_ng.Groups_Script" name="test3" time="0.0">
    <ignored/>
  </testcase> <!-- test3 -->
</testsuite> <!-- Test -->
