<?xml version="1.0" encoding="UTF-8"?>
<testng-results ignored="0" total="2" passed="2" failed="0" skipped="0">
  <reporter-output>
  </reporter-output>
  <suite started-at="2023-08-28T17:14:45 IST" name="Suite" finished-at="2023-08-28T17:14:45 IST" duration-ms="91">
    <groups>
      <group name="regression">
        <method signature="Groups_Script.test2()[pri:0, instance:test_ng.Groups_Script@52de51b6]" name="test2" class="test_ng.Groups_Script"/>
      </group> <!-- regression -->
      <group name="sanity">
        <method signature="Groups_Script.test1()[pri:0, instance:test_ng.Groups_Script@52de51b6]" name="test1" class="test_ng.Groups_Script"/>
        <method signature="Groups_Script.test2()[pri:0, instance:test_ng.Groups_Script@52de51b6]" name="test2" class="test_ng.Groups_Script"/>
      </group> <!-- sanity -->
    </groups>
    <test started-at="2023-08-28T17:14:45 IST" name="Test" finished-at="2023-08-28T17:14:45 IST" duration-ms="91">
      <class name="test_ng.Groups_Script">
        <test-method signature="test1()[pri:0, instance:test_ng.Groups_Script@52de51b6]" started-at="2023-08-28T17:14:45 IST" name="test1" finished-at="2023-08-28T17:14:45 IST" duration-ms="12" status="PASS">
          <reporter-output>
          </reporter-output>
        </test-method> <!-- test1 -->
        <test-method signature="test2()[pri:0, instance:test_ng.Groups_Script@52de51b6]" started-at="2023-08-28T17:14:45 IST" name="test2" finished-at="2023-08-28T17:14:45 IST" duration-ms="4" status="PASS">
          <reporter-output>
          </reporter-output>
        </test-method> <!-- test2 -->
      </class> <!-- test_ng.Groups_Script -->
    </test> <!-- Test -->
  </suite> <!-- Suite -->
</testng-results>
